The system is: Windows - 10.0.17134 - AMD64
Compiling the C compiler identification source file "CMakeCCompilerId.c" succeeded.
Compiler: C:/Program Files (x86)/Microsoft Visual Studio 14.0/VC/bin/cl.exe 
Build flags: 
Id flags:  

The output was:
0
Оптимизирующий компилятор Microsoft (R) C/C++ версии 19.00.24215.1 для x86
(C) Корпорация Майкрософт (Microsoft Corporation).  Все права защищены.

CMakeCCompilerId.c
Microsoft (R) Incremental Linker Version 14.00.24215.1
Copyright (C) Microsoft Corporation.  All rights reserved.

/out:CMakeCCompilerId.exe 
CMakeCCompilerId.obj 


Compilation of the C compiler identification source "CMakeCCompilerId.c" produced "CMakeCCompilerId.exe"

Compilation of the C compiler identification source "CMakeCCompilerId.c" produced "CMakeCCompilerId.obj"

The C compiler identification is MSVC, found in "C:/Users/asus.VENIK/CLionProjects/Ex4-6/cmake-build-debug/CMakeFiles/3.13.2/CompilerIdC/CMakeCCompilerId.exe"

Determining if the C compiler works passed with the following output:
Change Dir: C:/Users/asus.VENIK/CLionProjects/Ex4-6/cmake-build-debug/CMakeFiles/CMakeTmp

Run Build Command:"nmake" "/nologo" "cmTC_ac31f\fast"
	"C:\Program Files (x86)\Microsoft Visual Studio 14.0\VC\BIN\nmake.exe" -f CMakeFiles\cmTC_ac31f.dir\build.make /nologo -L                  CMakeFiles\cmTC_ac31f.dir\build
Building C object CMakeFiles/cmTC_ac31f.dir/testCCompiler.c.obj
	C:\PROGRA~2\MICROS~1.0\VC\bin\cl.exe @C:\Users\asus.VENIK\AppData\Local\Temp\nm907C.tmp
testCCompiler.c
Linking C executable cmTC_ac31f.exe
	"C:\Program Files\JetBrains\CLion 2018.3.3\bin\cmake\win\bin\cmake.exe" -E vs_link_exe --intdir=CMakeFiles\cmTC_ac31f.dir --manifests  -- C:\PROGRA~2\MICROS~1.0\VC\bin\link.exe /nologo @CMakeFiles\cmTC_ac31f.dir\objects1.rsp @C:\Users\asus.VENIK\AppData\Local\Temp\nm90FA.tmp


Detecting C compiler ABI info compiled with the following output:
Change Dir: C:/Users/asus.VENIK/CLionProjects/Ex4-6/cmake-build-debug/CMakeFiles/CMakeTmp

Run Build Command:"nmake" "/nologo" "cmTC_70b4f\fast"
	"C:\Program Files (x86)\Microsoft Visual Studio 14.0\VC\BIN\nmake.exe" -f CMakeFiles\cmTC_70b4f.dir\build.make /nologo -L                  CMakeFiles\cmTC_70b4f.dir\build
Building C object CMakeFiles/cmTC_70b4f.dir/CMakeCCompilerABI.c.obj
	C:\PROGRA~2\MICROS~1.0\VC\bin\cl.exe @C:\Users\asus.VENIK\AppData\Local\Temp\nm9435.tmp
CMakeCCompilerABI.c
Linking C executable cmTC_70b4f.exe
	"C:\Program Files\JetBrains\CLion 2018.3.3\bin\cmake\win\bin\cmake.exe" -E vs_link_exe --intdir=CMakeFiles\cmTC_70b4f.dir --manifests  -- C:\PROGRA~2\MICROS~1.0\VC\bin\link.exe /nologo @CMakeFiles\cmTC_70b4f.dir\objects1.rsp @C:\Users\asus.VENIK\AppData\Local\Temp\nm94C2.tmp




Detecting C [] compiler features compiled with the following output:
Change Dir: C:/Users/asus.VENIK/CLionProjects/Ex4-6/cmake-build-debug/CMakeFiles/CMakeTmp

Run Build Command:"nmake" "/nologo" "cmTC_4fe36\fast"
	"C:\Program Files (x86)\Microsoft Visual Studio 14.0\VC\BIN\nmake.exe" -f CMakeFiles\cmTC_4fe36.dir\build.make /nologo -L                  CMakeFiles\cmTC_4fe36.dir\build
Building C object CMakeFiles/cmTC_4fe36.dir/feature_tests.c.obj
	C:\PROGRA~2\MICROS~1.0\VC\bin\cl.exe @C:\Users\asus.VENIK\AppData\Local\Temp\nm97FE.tmp
feature_tests.c
Linking C executable cmTC_4fe36.exe
	"C:\Program Files\JetBrains\CLion 2018.3.3\bin\cmake\win\bin\cmake.exe" -E vs_link_exe --intdir=CMakeFiles\cmTC_4fe36.dir --manifests  -- C:\PROGRA~2\MICROS~1.0\VC\bin\link.exe /nologo @CMakeFiles\cmTC_4fe36.dir\objects1.rsp @C:\Users\asus.VENIK\AppData\Local\Temp\nm986C.tmp


    Feature record: C_FEATURE:1c_function_prototypes
    Feature record: C_FEATURE:1c_variadic_macros
